<?xml version="1.0" encoding="UTF-8"?>
<!-- Generated by org.testng.reporters.JUnitReportReporter -->
<testsuite skipped="0" hostname="Sarputheens-MacBook-Pro.local" name="com.wallethub.testfactory.TestRunner" tests="2" failures="0" timestamp="16 Nov 2021 19:44:41 GMT" time="149.935" errors="0">
  <testcase name="runScenario" time="53.257" classname="com.wallethub.testfactory.TestRunner"/>
  <testcase name="runScenario" time="96.678" classname="com.wallethub.testfactory.TestRunner"/>
</testsuite> <!-- com.wallethub.testfactory.TestRunner -->
